<?xml version="1.0" encoding="UTF-8"?>
<!-- Generated by org.testng.reporters.JUnitXMLReporter -->
<testsuite ignored="0" hostname="KamleshPC" failures="0" tests="7" name="Test" time="138.013" errors="0" timestamp="2025-04-27T14:41:18 IST">
  <testcase classname="testCases.TC001_AccountRegistrationTest" name="verify_account_registration" time="4.476"/>
  <testcase classname="testCases.TC002_LoginTest" name="verify_login" time="3.329"/>
  <testcase classname="testCases.TC003_LoginDDT" name="verify_loginDDT" time="6.597"/>
  <testcase classname="testCases.TC003_LoginDDT" name="verify_loginDDT" time="6.766"/>
  <testcase classname="testCases.TC003_LoginDDT" name="verify_loginDDT" time="6.657"/>
  <testcase classname="testCases.TC003_LoginDDT" name="verify_loginDDT" time="15.902"/>
  <testcase classname="testCases.TC003_LoginDDT" name="verify_loginDDT" time="6.721"/>
</testsuite> <!-- Test -->
