<?xml version="1.0" encoding="UTF-8"?>
<!-- Generated by org.testng.reporters.JUnitXMLReporter -->
<testsuite ignored="0" hostname="KamleshPC" failures="0" tests="7" name="Test" time="87.312" errors="0" timestamp="2025-07-17T17:11:20 IST">
  <testcase classname="testCases.TC001_AccountRegistrationTest" name="verify_account_registration" time="8.004"/>
  <testcase classname="testCases.TC002_LoginTest" name="verify_login" time="3.244"/>
  <testcase classname="testCases.TC003_LoginDDT" name="verify_loginDDT" time="6.245"/>
  <testcase classname="testCases.TC003_LoginDDT" name="verify_loginDDT" time="6.317"/>
  <testcase classname="testCases.TC003_LoginDDT" name="verify_loginDDT" time="5.818"/>
  <testcase classname="testCases.TC003_LoginDDT" name="verify_loginDDT" time="14.855"/>
  <testcase classname="testCases.TC003_LoginDDT" name="verify_loginDDT" time="7.142"/>
</testsuite> <!-- Test -->
