<?xml version="1.0" encoding="UTF-8"?>
<!-- Generated by org.testng.reporters.JUnitXMLReporter -->
<testsuite ignored="1" hostname="KamleshPC" failures="0" tests="2" name="Test" time="58.315" errors="0" timestamp="2025-04-26T20:57:21 IST">
  <testcase classname="testCases.TC001_AccountRegistrationTest" name="verify_account_registration" time="4.166"/>
  <testcase classname="testCases.TC002_LoginTest" name="verify_login" time="2.424"/>
  <testcase classname="testCases.TC003_LoginDDT" name="verify_loginDDT" time="0.0">
    <ignored/>
  </testcase> <!-- verify_loginDDT -->
</testsuite> <!-- Test -->
