<?xml version="1.0" encoding="UTF-8"?>
<!-- Generated by org.testng.reporters.JUnitXMLReporter -->
<testsuite ignored="0" hostname="KamleshPC" failures="1" tests="7" name="Test" time="123.285" errors="0" timestamp="2025-04-26T21:01:07 IST">
  <testcase classname="testCases.TC001_AccountRegistrationTest" name="verify_account_registration" time="4.076">
    <failure type="java.lang.AssertionError" message="Confirmation message mismatch expected [Your Account Has Been Created!!] but found [Your Account Has Been Created!]">
      <![CDATA[java.lang.AssertionError: Confirmation message mismatch expected [Your Account Has Been Created!!] but found [Your Account Has Been Created!]
at testCases.TC001_AccountRegistrationTest.verify_account_registration(TC001_AccountRegistrationTest.java:45)
at java.base/java.util.ArrayList.forEach(ArrayList.java:1596)
... Removed 30 stack frames]]>
    </failure>
  </testcase> <!-- verify_account_registration -->
  <testcase classname="testCases.TC002_LoginTest" name="verify_login" time="2.196"/>
  <testcase classname="testCases.TC003_LoginDDT" name="verify_loginDDT" time="5.802"/>
  <testcase classname="testCases.TC003_LoginDDT" name="verify_loginDDT" time="6.135"/>
  <testcase classname="testCases.TC003_LoginDDT" name="verify_loginDDT" time="6.27"/>
  <testcase classname="testCases.TC003_LoginDDT" name="verify_loginDDT" time="15.278"/>
  <testcase classname="testCases.TC003_LoginDDT" name="verify_loginDDT" time="6.015"/>
</testsuite> <!-- Test -->
