<?xml version="1.0" encoding="UTF-8"?>
<!-- Generated by org.testng.reporters.JUnitXMLReporter -->
<testsuite ignored="0" hostname="KamleshPC" failures="0" tests="7" name="Test" time="123.603" errors="0" timestamp="2025-04-26T03:39:12 IST">
  <testcase classname="testCases.TC001_AccountRegistrationTest" name="verify_account_registration" time="3.044"/>
  <testcase classname="testCases.TC002_LoginTest" name="verify_login" time="2.096"/>
  <testcase classname="testCases.TC003_LoginDDT" name="verify_loginDDT" time="5.367"/>
  <testcase classname="testCases.TC003_LoginDDT" name="verify_loginDDT" time="5.616"/>
  <testcase classname="testCases.TC003_LoginDDT" name="verify_loginDDT" time="5.894"/>
  <testcase classname="testCases.TC003_LoginDDT" name="verify_loginDDT" time="15.089"/>
  <testcase classname="testCases.TC003_LoginDDT" name="verify_loginDDT" time="5.841"/>
</testsuite> <!-- Test -->
