<?xml version="1.0" encoding="UTF-8"?>
<!-- Generated by org.testng.reporters.JUnitReportReporter -->
<testsuite hostname="KamleshPC" failures="0" tests="5" name="testCases.TC003_LoginDDT" time="40.377" errors="0" timestamp="2025-07-17T17:11:21 IST" skipped="0">
  <testcase classname="testCases.TC003_LoginDDT" name="verify_loginDDT" time="6.245"/>
  <testcase classname="testCases.TC003_LoginDDT" name="verify_loginDDT" time="14.855"/>
  <testcase classname="testCases.TC003_LoginDDT" name="verify_loginDDT" time="6.317"/>
  <testcase classname="testCases.TC003_LoginDDT" name="verify_loginDDT" time="5.818"/>
  <testcase classname="testCases.TC003_LoginDDT" name="verify_loginDDT" time="7.142"/>
</testsuite> <!-- testCases.TC003_LoginDDT -->
